[0.915s] Invoking command in '/home/satoshi/ros2_ws/src/mypkg': PYTHONPATH=/home/satoshi/ros2_ws/src/mypkg/build/mypkg/prefix_override:/usr/lib/python3/dist-packages/colcon_core/task/python/colcon_distutils_commands:/home/satoshi/ros2_ws/src/mypkg/install/mypkg/lib/python3.10/site-packages:${PYTHONPATH} /usr/bin/python3 -W ignore:setup.py install is deprecated setup.py egg_info --egg-base build/mypkg build --build-base /home/satoshi/ros2_ws/src/mypkg/build/mypkg/build install --record /home/satoshi/ros2_ws/src/mypkg/build/mypkg/install.log --single-version-externally-managed install_data
[1.088s] running egg_info
[1.088s] creating build/mypkg/mypkg.egg-info
[1.089s] writing build/mypkg/mypkg.egg-info/PKG-INFO
[1.090s] writing dependency_links to build/mypkg/mypkg.egg-info/dependency_links.txt
[1.090s] writing entry points to build/mypkg/mypkg.egg-info/entry_points.txt
[1.090s] writing requirements to build/mypkg/mypkg.egg-info/requires.txt
[1.091s] writing top-level names to build/mypkg/mypkg.egg-info/top_level.txt
[1.091s] writing manifest file 'build/mypkg/mypkg.egg-info/SOURCES.txt'
[1.092s] reading manifest file 'build/mypkg/mypkg.egg-info/SOURCES.txt'
[1.093s] writing manifest file 'build/mypkg/mypkg.egg-info/SOURCES.txt'
[1.093s] running build
[1.094s] running build_py
[1.094s] creating /home/satoshi/ros2_ws/src/mypkg/build/mypkg/build
[1.094s] creating /home/satoshi/ros2_ws/src/mypkg/build/mypkg/build/lib
[1.094s] creating /home/satoshi/ros2_ws/src/mypkg/build/mypkg/build/lib/mypkg
[1.094s] copying mypkg/talker.py -> /home/satoshi/ros2_ws/src/mypkg/build/mypkg/build/lib/mypkg
[1.095s] copying mypkg/__init__.py -> /home/satoshi/ros2_ws/src/mypkg/build/mypkg/build/lib/mypkg
[1.095s] running install
[1.095s] running install_lib
[1.096s] creating /home/satoshi/ros2_ws/src/mypkg/install/mypkg/lib/python3.10/site-packages/mypkg
[1.096s] copying /home/satoshi/ros2_ws/src/mypkg/build/mypkg/build/lib/mypkg/talker.py -> /home/satoshi/ros2_ws/src/mypkg/install/mypkg/lib/python3.10/site-packages/mypkg
[1.096s] copying /home/satoshi/ros2_ws/src/mypkg/build/mypkg/build/lib/mypkg/__init__.py -> /home/satoshi/ros2_ws/src/mypkg/install/mypkg/lib/python3.10/site-packages/mypkg
[1.097s] byte-compiling /home/satoshi/ros2_ws/src/mypkg/install/mypkg/lib/python3.10/site-packages/mypkg/talker.py to talker.cpython-310.pyc
[1.098s] byte-compiling /home/satoshi/ros2_ws/src/mypkg/install/mypkg/lib/python3.10/site-packages/mypkg/__init__.py to __init__.cpython-310.pyc
[1.098s] running install_data
[1.098s] creating /home/satoshi/ros2_ws/src/mypkg/install/mypkg/share/ament_index
[1.098s] creating /home/satoshi/ros2_ws/src/mypkg/install/mypkg/share/ament_index/resource_index
[1.099s] creating /home/satoshi/ros2_ws/src/mypkg/install/mypkg/share/ament_index/resource_index/packages
[1.099s] copying resource/mypkg -> /home/satoshi/ros2_ws/src/mypkg/install/mypkg/share/ament_index/resource_index/packages
[1.099s] copying package.xml -> /home/satoshi/ros2_ws/src/mypkg/install/mypkg/share/mypkg
[1.099s] running install_egg_info
[1.101s] Copying build/mypkg/mypkg.egg-info to /home/satoshi/ros2_ws/src/mypkg/install/mypkg/lib/python3.10/site-packages/mypkg-0.0.0-py3.10.egg-info
[1.102s] running install_scripts
[1.119s] Installing talker script to /home/satoshi/ros2_ws/src/mypkg/install/mypkg/lib/mypkg
[1.120s] writing list of installed files to '/home/satoshi/ros2_ws/src/mypkg/build/mypkg/install.log'
[1.137s] Invoked command in '/home/satoshi/ros2_ws/src/mypkg' returned '0': PYTHONPATH=/home/satoshi/ros2_ws/src/mypkg/build/mypkg/prefix_override:/usr/lib/python3/dist-packages/colcon_core/task/python/colcon_distutils_commands:/home/satoshi/ros2_ws/src/mypkg/install/mypkg/lib/python3.10/site-packages:${PYTHONPATH} /usr/bin/python3 -W ignore:setup.py install is deprecated setup.py egg_info --egg-base build/mypkg build --build-base /home/satoshi/ros2_ws/src/mypkg/build/mypkg/build install --record /home/satoshi/ros2_ws/src/mypkg/build/mypkg/install.log --single-version-externally-managed install_data
